<?xml version="1.0" encoding="UTF-8"?>
<beans xmlns="http://www.springframework.org/schema/beans"
       xmlns:xsi="http://www.w3.org/2001/XMLSchema-instance"
       xmlns:context="http://www.springframework.org/schema/context"
       xsi:schemaLocation="
        http://www.springframework.org/schema/beans
        http://www.springframework.org/schema/beans/spring-beans.xsd
        http://www.springframework.org/schema/context
        http://www.springframework.org/schema/context/spring-context.xsd">

    <!-- Define a bean for the DAO -->
    <bean id="locationDAO" class="src/main/java/service_system/common/hibernate/dao/LocationDAO.java">
        <property name="dataSource" ref="dataSource" />
    </bean>

    <!-- Define a bean for the data source -->
    <bean id="dataSource" class="org.apache.commons.dbcp.BasicDataSource" destroy-method="close">
        <property name="driverClassName" value="org.postgresql.Driver"/>
        <property name="url" value="jdbc:postgresql://localhost/testdb"/>
        <property name="username" value="testuser"/>
        <property name="password" value="testpass"/>
    </bean>

    <!-- Enable Spring's annotation-based configuration -->
    <context:annotation-config />

</beans>